This is pdfTeX, Version 3.14159265-2.6-1.40.16 (TeX Live 2015/Debian) (preloaded format=latex 2017.10.23)  24 OCT 2017 17:03
entering extended mode
 restricted \write18 enabled.
 %&-line parsing enabled.
**informe-tp1.tex
(./informe-tp1.tex
LaTeX2e <2016/02/01>
Babel <3.9q> and hyphenation patterns for 5 language(s) loaded.
(/usr/share/texlive/texmf-dist/tex/latex/base/article.cls
Document Class: article 2014/09/29 v1.4h Standard LaTeX document class
(/usr/share/texlive/texmf-dist/tex/latex/base/size10.clo
File: size10.clo 2014/09/29 v1.4h Standard LaTeX file (size option)
)
\c@part=\count79
\c@section=\count80
\c@subsection=\count81
\c@subsubsection=\count82
\c@paragraph=\count83
\c@subparagraph=\count84
\c@figure=\count85
\c@table=\count86
\abovecaptionskip=\skip41
\belowcaptionskip=\skip42
\bibindent=\dimen102
)
(/usr/share/texlive/texmf-dist/tex/latex/base/inputenc.sty
Package: inputenc 2015/03/17 v1.2c Input encoding file
\inpenc@prehook=\toks14
\inpenc@posthook=\toks15

(/usr/share/texlive/texmf-dist/tex/latex/base/utf8.def
File: utf8.def 2015/12/03 v1.1r UTF-8 support for inputenc
Now handling font encoding OML ...
... no UTF-8 mapping file for font encoding OML
Now handling font encoding T1 ...
... processing UTF-8 mapping file for font encoding T1

(/usr/share/texlive/texmf-dist/tex/latex/base/t1enc.dfu
File: t1enc.dfu 2015/12/03 v1.1r UTF-8 support for inputenc
   defining Unicode char U+00A0 (decimal 160)
   defining Unicode char U+00A1 (decimal 161)
   defining Unicode char U+00A3 (decimal 163)
   defining Unicode char U+00AB (decimal 171)
   defining Unicode char U+00AD (decimal 173)
   defining Unicode char U+00BB (decimal 187)
   defining Unicode char U+00BF (decimal 191)
   defining Unicode char U+00C0 (decimal 192)
   defining Unicode char U+00C1 (decimal 193)
   defining Unicode char U+00C2 (decimal 194)
   defining Unicode char U+00C3 (decimal 195)
   defining Unicode char U+00C4 (decimal 196)
   defining Unicode char U+00C5 (decimal 197)
   defining Unicode char U+00C6 (decimal 198)
   defining Unicode char U+00C7 (decimal 199)
   defining Unicode char U+00C8 (decimal 200)
   defining Unicode char U+00C9 (decimal 201)
   defining Unicode char U+00CA (decimal 202)
   defining Unicode char U+00CB (decimal 203)
   defining Unicode char U+00CC (decimal 204)
   defining Unicode char U+00CD (decimal 205)
   defining Unicode char U+00CE (decimal 206)
   defining Unicode char U+00CF (decimal 207)
   defining Unicode char U+00D0 (decimal 208)
   defining Unicode char U+00D1 (decimal 209)
   defining Unicode char U+00D2 (decimal 210)
   defining Unicode char U+00D3 (decimal 211)
   defining Unicode char U+00D4 (decimal 212)
   defining Unicode char U+00D5 (decimal 213)
   defining Unicode char U+00D6 (decimal 214)
   defining Unicode char U+00D8 (decimal 216)
   defining Unicode char U+00D9 (decimal 217)
   defining Unicode char U+00DA (decimal 218)
   defining Unicode char U+00DB (decimal 219)
   defining Unicode char U+00DC (decimal 220)
   defining Unicode char U+00DD (decimal 221)
   defining Unicode char U+00DE (decimal 222)
   defining Unicode char U+00DF (decimal 223)
   defining Unicode char U+00E0 (decimal 224)
   defining Unicode char U+00E1 (decimal 225)
   defining Unicode char U+00E2 (decimal 226)
   defining Unicode char U+00E3 (decimal 227)
   defining Unicode char U+00E4 (decimal 228)
   defining Unicode char U+00E5 (decimal 229)
   defining Unicode char U+00E6 (decimal 230)
   defining Unicode char U+00E7 (decimal 231)
   defining Unicode char U+00E8 (decimal 232)
   defining Unicode char U+00E9 (decimal 233)
   defining Unicode char U+00EA (decimal 234)
   defining Unicode char U+00EB (decimal 235)
   defining Unicode char U+00EC (decimal 236)
   defining Unicode char U+00ED (decimal 237)
   defining Unicode char U+00EE (decimal 238)
   defining Unicode char U+00EF (decimal 239)
   defining Unicode char U+00F0 (decimal 240)
   defining Unicode char U+00F1 (decimal 241)
   defining Unicode char U+00F2 (decimal 242)
   defining Unicode char U+00F3 (decimal 243)
   defining Unicode char U+00F4 (decimal 244)
   defining Unicode char U+00F5 (decimal 245)
   defining Unicode char U+00F6 (decimal 246)
   defining Unicode char U+00F8 (decimal 248)
   defining Unicode char U+00F9 (decimal 249)
   defining Unicode char U+00FA (decimal 250)
   defining Unicode char U+00FB (decimal 251)
   defining Unicode char U+00FC (decimal 252)
   defining Unicode char U+00FD (decimal 253)
   defining Unicode char U+00FE (decimal 254)
   defining Unicode char U+00FF (decimal 255)
   defining Unicode char U+0100 (decimal 256)
   defining Unicode char U+0101 (decimal 257)
   defining Unicode char U+0102 (decimal 258)
   defining Unicode char U+0103 (decimal 259)
   defining Unicode char U+0104 (decimal 260)
   defining Unicode char U+0105 (decimal 261)
   defining Unicode char U+0106 (decimal 262)
   defining Unicode char U+0107 (decimal 263)
   defining Unicode char U+0108 (decimal 264)
   defining Unicode char U+0109 (decimal 265)
   defining Unicode char U+010A (decimal 266)
   defining Unicode char U+010B (decimal 267)
   defining Unicode char U+010C (decimal 268)
   defining Unicode char U+010D (decimal 269)
   defining Unicode char U+010E (decimal 270)
   defining Unicode char U+010F (decimal 271)
   defining Unicode char U+0110 (decimal 272)
   defining Unicode char U+0111 (decimal 273)
   defining Unicode char U+0112 (decimal 274)
   defining Unicode char U+0113 (decimal 275)
   defining Unicode char U+0114 (decimal 276)
   defining Unicode char U+0115 (decimal 277)
   defining Unicode char U+0116 (decimal 278)
   defining Unicode char U+0117 (decimal 279)
   defining Unicode char U+0118 (decimal 280)
   defining Unicode char U+0119 (decimal 281)
   defining Unicode char U+011A (decimal 282)
   defining Unicode char U+011B (decimal 283)
   defining Unicode char U+011C (decimal 284)
   defining Unicode char U+011D (decimal 285)
   defining Unicode char U+011E (decimal 286)
   defining Unicode char U+011F (decimal 287)
   defining Unicode char U+0120 (decimal 288)
   defining Unicode char U+0121 (decimal 289)
   defining Unicode char U+0122 (decimal 290)
   defining Unicode char U+0123 (decimal 291)
   defining Unicode char U+0124 (decimal 292)
   defining Unicode char U+0125 (decimal 293)
   defining Unicode char U+0128 (decimal 296)
   defining Unicode char U+0129 (decimal 297)
   defining Unicode char U+012A (decimal 298)
   defining Unicode char U+012B (decimal 299)
   defining Unicode char U+012C (decimal 300)
   defining Unicode char U+012D (decimal 301)
   defining Unicode char U+012E (decimal 302)
   defining Unicode char U+012F (decimal 303)
   defining Unicode char U+0130 (decimal 304)
   defining Unicode char U+0131 (decimal 305)
   defining Unicode char U+0132 (decimal 306)
   defining Unicode char U+0133 (decimal 307)
   defining Unicode char U+0134 (decimal 308)
   defining Unicode char U+0135 (decimal 309)
   defining Unicode char U+0136 (decimal 310)
   defining Unicode char U+0137 (decimal 311)
   defining Unicode char U+0139 (decimal 313)
   defining Unicode char U+013A (decimal 314)
   defining Unicode char U+013B (decimal 315)
   defining Unicode char U+013C (decimal 316)
   defining Unicode char U+013D (decimal 317)
   defining Unicode char U+013E (decimal 318)
   defining Unicode char U+0141 (decimal 321)
   defining Unicode char U+0142 (decimal 322)
   defining Unicode char U+0143 (decimal 323)
   defining Unicode char U+0144 (decimal 324)
   defining Unicode char U+0145 (decimal 325)
   defining Unicode char U+0146 (decimal 326)
   defining Unicode char U+0147 (decimal 327)
   defining Unicode char U+0148 (decimal 328)
   defining Unicode char U+014A (decimal 330)
   defining Unicode char U+014B (decimal 331)
   defining Unicode char U+014C (decimal 332)
   defining Unicode char U+014D (decimal 333)
   defining Unicode char U+014E (decimal 334)
   defining Unicode char U+014F (decimal 335)
   defining Unicode char U+0150 (decimal 336)
   defining Unicode char U+0151 (decimal 337)
   defining Unicode char U+0152 (decimal 338)
   defining Unicode char U+0153 (decimal 339)
   defining Unicode char U+0154 (decimal 340)
   defining Unicode char U+0155 (decimal 341)
   defining Unicode char U+0156 (decimal 342)
   defining Unicode char U+0157 (decimal 343)
   defining Unicode char U+0158 (decimal 344)
   defining Unicode char U+0159 (decimal 345)
   defining Unicode char U+015A (decimal 346)
   defining Unicode char U+015B (decimal 347)
   defining Unicode char U+015C (decimal 348)
   defining Unicode char U+015D (decimal 349)
   defining Unicode char U+015E (decimal 350)
   defining Unicode char U+015F (decimal 351)
   defining Unicode char U+0160 (decimal 352)
   defining Unicode char U+0161 (decimal 353)
   defining Unicode char U+0162 (decimal 354)
   defining Unicode char U+0163 (decimal 355)
   defining Unicode char U+0164 (decimal 356)
   defining Unicode char U+0165 (decimal 357)
   defining Unicode char U+0168 (decimal 360)
   defining Unicode char U+0169 (decimal 361)
   defining Unicode char U+016A (decimal 362)
   defining Unicode char U+016B (decimal 363)
   defining Unicode char U+016C (decimal 364)
   defining Unicode char U+016D (decimal 365)
   defining Unicode char U+016E (decimal 366)
   defining Unicode char U+016F (decimal 367)
   defining Unicode char U+0170 (decimal 368)
   defining Unicode char U+0171 (decimal 369)
   defining Unicode char U+0172 (decimal 370)
   defining Unicode char U+0173 (decimal 371)
   defining Unicode char U+0174 (decimal 372)
   defining Unicode char U+0175 (decimal 373)
   defining Unicode char U+0176 (decimal 374)
   defining Unicode char U+0177 (decimal 375)
   defining Unicode char U+0178 (decimal 376)
   defining Unicode char U+0179 (decimal 377)
   defining Unicode char U+017A (decimal 378)
   defining Unicode char U+017B (decimal 379)
   defining Unicode char U+017C (decimal 380)
   defining Unicode char U+017D (decimal 381)
   defining Unicode char U+017E (decimal 382)
   defining Unicode char U+01CD (decimal 461)
   defining Unicode char U+01CE (decimal 462)
   defining Unicode char U+01CF (decimal 463)
   defining Unicode char U+01D0 (decimal 464)
   defining Unicode char U+01D1 (decimal 465)
   defining Unicode char U+01D2 (decimal 466)
   defining Unicode char U+01D3 (decimal 467)
   defining Unicode char U+01D4 (decimal 468)
   defining Unicode char U+01E2 (decimal 482)
   defining Unicode char U+01E3 (decimal 483)
   defining Unicode char U+01E6 (decimal 486)
   defining Unicode char U+01E7 (decimal 487)
   defining Unicode char U+01E8 (decimal 488)
   defining Unicode char U+01E9 (decimal 489)
   defining Unicode char U+01EA (decimal 490)
   defining Unicode char U+01EB (decimal 491)
   defining Unicode char U+01F0 (decimal 496)
   defining Unicode char U+01F4 (decimal 500)
   defining Unicode char U+01F5 (decimal 501)
   defining Unicode char U+0218 (decimal 536)
   defining Unicode char U+0219 (decimal 537)
   defining Unicode char U+021A (decimal 538)
   defining Unicode char U+021B (decimal 539)
   defining Unicode char U+01E02 (decimal 7682)
   defining Unicode char U+01E03 (decimal 7683)
   defining Unicode char U+200C (decimal 8204)
   defining Unicode char U+2013 (decimal 8211)
   defining Unicode char U+2014 (decimal 8212)
   defining Unicode char U+2018 (decimal 8216)
   defining Unicode char U+2019 (decimal 8217)
   defining Unicode char U+201A (decimal 8218)
   defining Unicode char U+201C (decimal 8220)
   defining Unicode char U+201D (decimal 8221)
   defining Unicode char U+201E (decimal 8222)
   defining Unicode char U+2030 (decimal 8240)
   defining Unicode char U+2031 (decimal 8241)
   defining Unicode char U+2039 (decimal 8249)
   defining Unicode char U+203A (decimal 8250)
   defining Unicode char U+2423 (decimal 9251)
)
Now handling font encoding OT1 ...
... processing UTF-8 mapping file for font encoding OT1

(/usr/share/texlive/texmf-dist/tex/latex/base/ot1enc.dfu
File: ot1enc.dfu 2015/12/03 v1.1r UTF-8 support for inputenc
   defining Unicode char U+00A0 (decimal 160)
   defining Unicode char U+00A1 (decimal 161)
   defining Unicode char U+00A3 (decimal 163)
   defining Unicode char U+00AD (decimal 173)
   defining Unicode char U+00B8 (decimal 184)
   defining Unicode char U+00BF (decimal 191)
   defining Unicode char U+00C5 (decimal 197)
   defining Unicode char U+00C6 (decimal 198)
   defining Unicode char U+00D8 (decimal 216)
   defining Unicode char U+00DF (decimal 223)
   defining Unicode char U+00E6 (decimal 230)
   defining Unicode char U+00EC (decimal 236)
   defining Unicode char U+00ED (decimal 237)
   defining Unicode char U+00EE (decimal 238)
   defining Unicode char U+00EF (decimal 239)
   defining Unicode char U+00F8 (decimal 248)
   defining Unicode char U+0131 (decimal 305)
   defining Unicode char U+0141 (decimal 321)
   defining Unicode char U+0142 (decimal 322)
   defining Unicode char U+0152 (decimal 338)
   defining Unicode char U+0153 (decimal 339)
   defining Unicode char U+0174 (decimal 372)
   defining Unicode char U+0175 (decimal 373)
   defining Unicode char U+0176 (decimal 374)
   defining Unicode char U+0177 (decimal 375)
   defining Unicode char U+0218 (decimal 536)
   defining Unicode char U+0219 (decimal 537)
   defining Unicode char U+021A (decimal 538)
   defining Unicode char U+021B (decimal 539)
   defining Unicode char U+2013 (decimal 8211)
   defining Unicode char U+2014 (decimal 8212)
   defining Unicode char U+2018 (decimal 8216)
   defining Unicode char U+2019 (decimal 8217)
   defining Unicode char U+201C (decimal 8220)
   defining Unicode char U+201D (decimal 8221)
)
Now handling font encoding OMS ...
... processing UTF-8 mapping file for font encoding OMS

(/usr/share/texlive/texmf-dist/tex/latex/base/omsenc.dfu
File: omsenc.dfu 2015/12/03 v1.1r UTF-8 support for inputenc
   defining Unicode char U+00A7 (decimal 167)
   defining Unicode char U+00B6 (decimal 182)
   defining Unicode char U+00B7 (decimal 183)
   defining Unicode char U+2020 (decimal 8224)
   defining Unicode char U+2021 (decimal 8225)
   defining Unicode char U+2022 (decimal 8226)
)
Now handling font encoding OMX ...
... no UTF-8 mapping file for font encoding OMX
Now handling font encoding U ...
... no UTF-8 mapping file for font encoding U
   defining Unicode char U+00A9 (decimal 169)
   defining Unicode char U+00AA (decimal 170)
   defining Unicode char U+00AE (decimal 174)
   defining Unicode char U+00BA (decimal 186)
   defining Unicode char U+02C6 (decimal 710)
   defining Unicode char U+02DC (decimal 732)
   defining Unicode char U+200C (decimal 8204)
   defining Unicode char U+2026 (decimal 8230)
   defining Unicode char U+2122 (decimal 8482)
   defining Unicode char U+2423 (decimal 9251)
))
(/usr/share/texlive/texmf-dist/tex/generic/babel/babel.sty
Package: babel 2016/02/24 3.9q The Babel package


! Package babel Error: Unknown option `spanish'. Either you misspelled it
(babel)                or the language definition file spanish.ldf was not foun
d.

See the babel package documentation for explanation.
Type  H <return>  for immediate help.
 ...                                              
                                                  
l.310 \ProcessOptions*
                      
Valid options are: shorthands=, KeepShorthandsActive,
activeacute, activegrave, noconfigs, safe=, main=, math=
headfoot=, strings=, config=, hyphenmap=, or a language name.


! Package babel Error: You haven't specified a language option.

See the babel package documentation for explanation.
Type  H <return>  for immediate help.
 ...                                              
                                                  
l.343 ...ry to proceed from here, type x to quit.}
                                                  
You need to specify a language, either as a global option
or as an optional argument to the \usepackage command;
You shouldn't try to proceed from here, type x to quit.

) (/usr/share/texlive/texmf-dist/tex/latex/a4wide/a4wide.sty
Package: a4wide 1994/08/30

(/usr/share/texlive/texmf-dist/tex/latex/ntgclass/a4.sty
Package: a4 2004/04/15 v1.2g A4 based page layout
)) (./caratula.sty
Package: caratula 2015/01/04 Para componer caratulas de apuntes de FIUBA

(/usr/share/texlive/texmf-dist/tex/latex/base/ifthen.sty
Package: ifthen 2014/09/29 v1.1c Standard LaTeX ifthen package (DPC)
)
(/usr/share/texlive/texmf-dist/tex/latex/graphics/graphicx.sty
Package: graphicx 2014/10/28 v1.0g Enhanced LaTeX Graphics (DPC,SPQR)

(/usr/share/texlive/texmf-dist/tex/latex/graphics/keyval.sty
Package: keyval 2014/10/28 v1.15 key=value parser (DPC)
\KV@toks@=\toks16
)
(/usr/share/texlive/texmf-dist/tex/latex/graphics/graphics.sty
Package: graphics 2016/01/03 v1.0q Standard LaTeX Graphics (DPC,SPQR)

(/usr/share/texlive/texmf-dist/tex/latex/graphics/trig.sty
Package: trig 2016/01/03 v1.10 sin cos tan (DPC)
)
(/usr/share/texlive/texmf-dist/tex/latex/latexconfig/graphics.cfg
File: graphics.cfg 2010/04/23 v1.9 graphics configuration of TeX Live
)
Package graphics Info: Driver file: pdftex.def on input line 95.

(/usr/share/texlive/texmf-dist/tex/latex/pdftex-def/pdftex.def
File: pdftex.def 2011/05/27 v0.06d Graphics/color for pdfTeX

(/usr/share/texlive/texmf-dist/tex/generic/oberdiek/infwarerr.sty
Package: infwarerr 2010/04/08 v1.3 Providing info/warning/error messages (HO)
)
(/usr/share/texlive/texmf-dist/tex/generic/oberdiek/ltxcmds.sty
Package: ltxcmds 2011/11/09 v1.22 LaTeX kernel commands for general use (HO)
)

! Package pdftex.def Error: PDF mode expected, but DVI mode detected!
(pdftex.def)                If you are using `latex', then call `pdflatex'.
(pdftex.def)                Otherwise check and correct the driver options.
(pdftex.def)                Error recovery by switching to PDF mode.

See the pdftex.def package documentation for explanation.
Type  H <return>  for immediate help.
 ...                                              
                                                  
l.433   }\@ehc
              
Try typing  <return>  to proceed.
If that doesn't work, type  X <return>  to quit.

\Gread@gobject=\count87
))
\Gin@req@height=\dimen103
\Gin@req@width=\dimen104
)
Cargando package 'caratula' (2015/01/04)
\autlist=\toks17
\autlistSinPadron=\toks18
\c@autoresCount=\count88
\autTabNombre=\toks19
\autTabPadron=\toks20
\autTabEmail=\toks21
\revilist=\toks22
\c@revisionesCount=\count89
\reviTabRevisor=\toks23
\reviTabFecha=\toks24
\reviTabDetalle=\toks25
) (/usr/share/texlive/texmf-dist/tex/latex/xcolor/xcolor.sty
Package: xcolor 2007/01/21 v2.11 LaTeX color extensions (UK)

(/usr/share/texlive/texmf-dist/tex/latex/latexconfig/color.cfg
File: color.cfg 2007/01/18 v1.5 color configuration of teTeX/TeXLive
)
Package xcolor Info: Driver file: pdftex.def on input line 225.
Package xcolor Info: Model `cmy' substituted by `cmy0' on input line 1337.
Package xcolor Info: Model `hsb' substituted by `rgb' on input line 1341.
Package xcolor Info: Model `RGB' extended on input line 1353.
Package xcolor Info: Model `HTML' substituted by `rgb' on input line 1355.
Package xcolor Info: Model `Hsb' substituted by `hsb' on input line 1356.
Package xcolor Info: Model `tHsb' substituted by `hsb' on input line 1357.
Package xcolor Info: Model `HSB' substituted by `hsb' on input line 1358.
Package xcolor Info: Model `Gray' substituted by `gray' on input line 1359.
Package xcolor Info: Model `wave' substituted by `hsb' on input line 1360.
)
(/usr/share/texlive/texmf-dist/tex/latex/listings/listings.sty
\lst@mode=\count90
\lst@gtempboxa=\box26
\lst@token=\toks26
\lst@length=\count91
\lst@currlwidth=\dimen105
\lst@column=\count92
\lst@pos=\count93
\lst@lostspace=\dimen106
\lst@width=\dimen107
\lst@newlines=\count94
\lst@lineno=\count95
\lst@maxwidth=\dimen108

(/usr/share/texlive/texmf-dist/tex/latex/listings/lstmisc.sty
File: lstmisc.sty 2015/06/04 1.6 (Carsten Heinz)
\c@lstnumber=\count96
\lst@skipnumbers=\count97
\lst@framebox=\box27
)
(/usr/share/texlive/texmf-dist/tex/latex/listings/listings.cfg
File: listings.cfg 2015/06/04 1.6 listings configuration
))
Package: listings 2015/06/04 1.6 (Carsten Heinz)

(./informe-tp1.aux

LaTeX Warning: Label `fig001' multiply defined.


LaTeX Warning: Label `fig001' multiply defined.


LaTeX Warning: Label `fig001' multiply defined.


LaTeX Warning: Label `fig001' multiply defined.


LaTeX Warning: Label `fig001' multiply defined.

)
\openout1 = `informe-tp1.aux'.

LaTeX Font Info:    Checking defaults for OML/cmm/m/it on input line 14.
LaTeX Font Info:    ... okay on input line 14.
LaTeX Font Info:    Checking defaults for T1/cmr/m/n on input line 14.
LaTeX Font Info:    ... okay on input line 14.
LaTeX Font Info:    Checking defaults for OT1/cmr/m/n on input line 14.
LaTeX Font Info:    ... okay on input line 14.
LaTeX Font Info:    Checking defaults for OMS/cmsy/m/n on input line 14.
LaTeX Font Info:    ... okay on input line 14.
LaTeX Font Info:    Checking defaults for OMX/cmex/m/n on input line 14.
LaTeX Font Info:    ... okay on input line 14.
LaTeX Font Info:    Checking defaults for U/cmr/m/n on input line 14.
LaTeX Font Info:    ... okay on input line 14.
 (/usr/share/texlive/texmf-dist/tex/context/base/supp-pdf.mkii
[Loading MPS to PDF converter (version 2006.09.02).]
\scratchcounter=\count98
\scratchdimen=\dimen109
\scratchbox=\box28
\nofMPsegments=\count99
\nofMParguments=\count100
\everyMPshowfont=\toks27
\MPscratchCnt=\count101
\MPscratchDim=\dimen110
\MPnumerator=\count102
\makeMPintoPDFobject=\count103
\everyMPtoPDFconversion=\toks28
)
\c@lstlisting=\count104

! Illegal parameter number in definition of \Tipoapunte.
<to be read again> 
                   1
l.17 \tipoapunte{Trabajo Pr치ctico #1}
                                      
You meant to type ## instead of #, right?
Or maybe a } was forgotten somewhere earlier, and things
are all screwed up? I'm going to assume that you meant ##.

<logo_fiuba.pdf, id=1, 200.75pt x 65.24374pt>
File: logo_fiuba.pdf Graphic file (type pdf)
 <use logo_fiuba.pdf>
Package pdftex.def Info: logo_fiuba.pdf used on input line 28.
(pdftex.def)             Requested size: 200.7495pt x 65.24358pt.

! You can't use `macro parameter character #' in horizontal mode.
\Tipoapunte ->Trabajo Pr치ctico ##
                                  1
l.28 \maketitle
               
Sorry, but I'm not programmed to handle this case;
I'll just pretend that you didn't ask for it.
If you're in the wrong mode, you might be able to
return to the right one by typing `I}' or `I$' or `I\par'.


Overfull \hbox (24.08595pt too wide) in paragraph at lines 28--28
\OT1/cmr/bx/n/24.88 Organizaci^^Son de Com-puta-do-ras 66.20
 []

LaTeX Font Info:    External font `cmex10' loaded for size
(Font)              <7> on input line 28.
LaTeX Font Info:    External font `cmex10' loaded for size
(Font)              <5> on input line 28.
<logo_uba.jpg, id=2, 225.4824pt x 231.7458pt>
File: logo_uba.jpg Graphic file (type jpg)
 <use logo_uba.jpg>
Package pdftex.def Info: logo_uba.jpg used on input line 28.
(pdftex.def)             Requested size: 225.48184pt x 231.74522pt.

Underfull \hbox (badness 10000) in paragraph at lines 28--28

 []

[1

{/var/lib/texmf/fonts/map/pdftex/updmap/pdftex.map} <./logo_fiuba.pdf> <./logo_
uba.jpg>] [2]

! LaTeX Error: \begin{document} ended by \end{abstract}.

See the LaTeX manual or LaTeX Companion for explanation.
Type  H <return>  for immediate help.
 ...                                              
                                                  
l.32 \end{abstract}
                   
Your command was ignored.
Type  I <command> <return>  to replace it with another command,
or  <return>  to continue without it.

! Extra \endgroup.
<recently read> \endgroup 
                          
l.32 \end{abstract}
                   
Things are pretty mixed up, but I think the worst is over.

(/usr/share/texlive/texmf-dist/tex/latex/listings/lstlang1.sty
File: lstlang1.sty 2015/06/04 1.6 listings language file
)
(/usr/share/texlive/texmf-dist/tex/latex/listings/lstlang1.sty
File: lstlang1.sty 2015/06/04 1.6 listings language file
)
(/usr/share/texlive/texmf-dist/tex/latex/listings/lstlang1.sty
File: lstlang1.sty 2015/06/04 1.6 listings language file
)
(/usr/share/texlive/texmf-dist/tex/latex/listings/lstmisc.sty
File: lstmisc.sty 2015/06/04 1.6 (Carsten Heinz)
) [1]
Overfull \hbox (16.4129pt too wide) in paragraph at lines 100--102
[][][][][][][][][][][][][][][][][][][][][][][][][][][][][][][][][][][] 
 []


Overfull \hbox (85.71277pt too wide) in paragraph at lines 119--120
[][][][][][][][][][][][][][][][][][][][][][][][][][][][][][][][][][] 
 []


! Package inputenc Error: Unicode char 츞expandafter (U+4F1)
(inputenc)                not set up for use with LaTeX.

See the inputenc package documentation for explanation.
Type  H <return>  for immediate help.
 ...                                              
                                                  
l.122 ...rintf("TP #0 de la materia Organizaci칩n 
                                                  de Computadoras \n");
Your command was ignored.
Type  I <command> <return>  to replace it with another command,
or  <return>  to continue without it.


! Package inputenc Error: Keyboard character used is undefined
(inputenc)                in inputencoding `utf8'.

See the inputenc package documentation for explanation.
Type  H <return>  for immediate help.
 ...                                              
                                                  
l.122 ...rintf("TP #0 de la materia Organizaci칩n 
                                                  de Computadoras \n");
You need to provide a definition with \DeclareInputText 
or \DeclareInputMath before using this key.


Overfull \hbox (73.1128pt too wide) in paragraph at lines 122--123
[][][][][][][][][][][][][][][][][][][][][][][][][][] 
 []


! Package inputenc Error: Unicode char 츞expandafter (U+4F1)
(inputenc)                not set up for use with LaTeX.

See the inputenc package documentation for explanation.
Type  H <return>  for immediate help.
 ...                                              
                                                  
l.124                 printf("	Fl칩rez 
                                       Del Carpio Christian\n	Montenegro Jos...

Your command was ignored.
Type  I <command> <return>  to replace it with another command,
or  <return>  to continue without it.


! Package inputenc Error: Keyboard character used is undefined
(inputenc)                in inputencoding `utf8'.

See the inputenc package documentation for explanation.
Type  H <return>  for immediate help.
 ...                                              
                                                  
l.124                 printf("	Fl칩rez 
                                       Del Carpio Christian\n	Montenegro Jos...

You need to provide a definition with \DeclareInputText 
or \DeclareInputMath before using this key.


Overfull \hbox (281.01234pt too wide) in paragraph at lines 124--125
[][][][][][][][][][][][][][][][][][][][][][][][][][][][][][][][][][] 
 []


Overfull \hbox (66.81279pt too wide) in paragraph at lines 132--133
[][][][][][][][][][][][][][][][][][][][][][][][][][][][][] 
 []


Overfull \hbox (66.81279pt too wide) in paragraph at lines 133--134
[][][][][][][][][][][][][][][][][][][][][][][][][][][] 
 []


Overfull \hbox (98.31273pt too wide) in paragraph at lines 134--135
[][][][][][][][][][][][][][][][][][][][][][][][][][][][][][][] 
 []


Overfull \hbox (92.01274pt too wide) in paragraph at lines 135--136
[][][][][][][][][][][][][][][][][][][][][][][][][][][][][][][] 
 []


Overfull \hbox (117.2127pt too wide) in paragraph at lines 136--137
[][][][][][][][][][][][][][][][][][][][][][][][][][][][][][][][][][][] 
 []


Overfull \hbox (123.5127pt too wide) in paragraph at lines 137--138
[][][][][][][][][][][][][][][][][][][][][][][][][][][][][][][][][][][] 
 []

[2]
Overfull \hbox (104.61273pt too wide) in paragraph at lines 142--143
[][][][][][][][][][][][][][][][][][][][][][][][][][][] 
 []


Overfull \hbox (199.11255pt too wide) in paragraph at lines 150--151
[][][][][][][][][][][][][][][][][][][][][][][][][][][] 
 []


! Package inputenc Error: Unicode char 츞expandafter (U+4F1)
(inputenc)                not set up for use with LaTeX.

See the inputenc package documentation for explanation.
Type  H <return>  for immediate help.
 ...                                              
                                                  
l.161                 // as칤 
                              est치 en el manual de getopt
Your command was ignored.
Type  I <command> <return>  to replace it with another command,
or  <return>  to continue without it.


! Package inputenc Error: Keyboard character used is undefined
(inputenc)                in inputencoding `utf8'.

See the inputenc package documentation for explanation.
Type  H <return>  for immediate help.
 ...                                              
                                                  
l.161                 // as칤 
                              est치 en el manual de getopt
You need to provide a definition with \DeclareInputText 
or \DeclareInputMath before using this key.


! Package inputenc Error: Unicode char 츞expandafter (U+4F1)
(inputenc)                not set up for use with LaTeX.

See the inputenc package documentation for explanation.
Type  H <return>  for immediate help.
 ...                                              
                                                  
l.161                 // as칤 est치 
                                    en el manual de getopt
Your command was ignored.
Type  I <command> <return>  to replace it with another command,
or  <return>  to continue without it.


! Package inputenc Error: Keyboard character used is undefined
(inputenc)                in inputencoding `utf8'.

See the inputenc package documentation for explanation.
Type  H <return>  for immediate help.
 ...                                              
                                                  
l.161                 // as칤 est치 
                                    en el manual de getopt
You need to provide a definition with \DeclareInputText 
or \DeclareInputMath before using this key.


Overfull \hbox (79.41278pt too wide) in paragraph at lines 186--188
[][][][][][][][][][][][][][][][][][][][][][] 
 []


Overfull \hbox (73.1128pt too wide) in paragraph at lines 190--191
[][][][][][][][][][][][][][][][][][][][][][][][][] 
 []

[3]
Overfull \hbox (22.71289pt too wide) in paragraph at lines 197--198
[][][][][][][][][][][][][][][][][][][][][][][][][] 
 []

(/usr/share/texlive/texmf-dist/tex/latex/listings/lstlang1.sty
File: lstlang1.sty 2015/06/04 1.6 listings language file
)
(/usr/share/texlive/texmf-dist/tex/latex/listings/lstlang2.sty
File: lstlang2.sty 2015/06/04 1.6 listings language file
)
(/usr/share/texlive/texmf-dist/tex/latex/listings/lstlang3.sty
File: lstlang3.sty 2015/06/04 1.6 listings language file
)

! Package Listings Error: Couldn't load requested language.

See the Listings package documentation for explanation.
Type  H <return>  for immediate help.
 ...                                              
                                                  
l.207 \begin{lstlisting}[language=Assembler]
                                            
The following languages weren't loadable:
    ,assembler$
This may cause errors in the sequel.


! Package Listings Error: language assembler undefined.

See the Listings package documentation for explanation.
Type  H <return>  for immediate help.
 ...                                              
                                                  
l.207 \begin{lstlisting}[language=Assembler]
                                            
The language is not loadable. Try typing  <return>  to proceed.
If that doesn't work, type  X <return>  to quit.


Overfull \hbox (85.71277pt too wide) in paragraph at lines 229--230
[][][][][][][][][][][][][][][][][][][][][] 
 []

[4]
Overfull \hbox (299.91235pt too wide) in paragraph at lines 269--270
[][][][][][][][][][][][][][][][][][][][][][][][][][] 
 []


Overfull \hbox (3.81287pt too wide) in paragraph at lines 287--288
[][][][][][][][][][][][][][] 
 []


Overfull \hbox (22.71283pt too wide) in paragraph at lines 289--291
[][][][][][][][][][][][][][] 
 []

[5] [6]
Overfull \hbox (22.71289pt too wide) in paragraph at lines 364--365
[][][][][][][][][][][][][][][][][][][][][][][][][][][] 
 []


Overfull \hbox (41.6128pt too wide) in paragraph at lines 391--393
[][][][][][][][][][][][][][][][][][][][][][][][][][] 
 []


Overfull \hbox (35.3128pt too wide) in paragraph at lines 396--398
[][][][][][][][][][][][][][][][][][][][][][][][][][] 
 []


Overfull \hbox (192.8125pt too wide) in paragraph at lines 399--401
[][][][][][][][][][][][][][][][][][][][][][][][][][][] 
 []

[7] [8]
Overfull \hbox (167.61258pt too wide) in paragraph at lines 514--515
[][][][][][][][][][][][][][][][][][][][][][][][][][][][] 
 []

[9]
Overfull \hbox (129.81259pt too wide) in paragraph at lines 543--544
[][][][][][][][][][][][][][][][][][][][][][][][][] 
 []


Overfull \hbox (318.81223pt too wide) in paragraph at lines 544--545
[][][][][][][][][][][][][][][][][][][][][][][][][][][][][][][][][][][][] 
 []


Overfull \hbox (54.2128pt too wide) in paragraph at lines 545--546
[][][][][][][][][][][][][][][][][][][][][][][][] 
 []

[10]
Overfull \hbox (66.8128pt too wide) in paragraph at lines 596--597
[][][][][][][][][][][][][][][][][][][][][][][][][][][][][][] 
 []

[11]
Overfull \hbox (117.2127pt too wide) in paragraph at lines 665--666
[][][][][][][][][][][][][][][][][][][][][][] 
 []

[12]
Overfull \hbox (98.31265pt too wide) in paragraph at lines 720--721
[][][][][][][][][][][][][][][][][][][][][][] 
 []


Overfull \hbox (22.71283pt too wide) in paragraph at lines 721--722
[][][][][][][][][][][][][][][][][][][][][][] 
 []

[13]
Overfull \hbox (98.31267pt too wide) in paragraph at lines 766--767
[][][][][][][][][][][][][][][][][][][][][] 
 []


Overfull \hbox (92.0127pt too wide) in paragraph at lines 776--777
[][][][][][][][][][][][][][][][][][][][][][][][] 
 []

[14]
Overfull \hbox (73.11273pt too wide) in paragraph at lines 807--808
[][][][][][][][][][][][][][][][][][][][][][][][][][] 
 []


Overfull \hbox (10.11287pt too wide) in paragraph at lines 810--811
[][][][][][][][][][][][][][][][][][][][][][][][][][][] 
 []


Overfull \hbox (117.21265pt too wide) in paragraph at lines 812--813
[][][][][][][][][][][][][][][][][][][][][][][][][][][][] 
 []


Overfull \hbox (117.21265pt too wide) in paragraph at lines 813--814
[][][][][][][][][][][][][][][][][][][][][][][][][] 
 []


Overfull \hbox (167.61255pt too wide) in paragraph at lines 832--833
[][][][][][][][][][][][][][][][][][][][][][][][][][][][][][][][] 
 []


Overfull \hbox (167.61255pt too wide) in paragraph at lines 833--834
[][][][][][][][][][][][][][][][][][][][][][][][][][][][][][][][] 
 []


Overfull \hbox (123.51263pt too wide) in paragraph at lines 836--837
[][][][][][][][][][][][][][][][][][][][][][][][][] 
 []


Overfull \hbox (85.71272pt too wide) in paragraph at lines 838--839
[][][][][][][][][][][][][][][][][][][][][][][][][][][][][] 
 []


Overfull \hbox (104.61267pt too wide) in paragraph at lines 839--840
[][][][][][][][][][][][][][][][][][][][][][][][][][][] 
 []

[15]
Overfull \hbox (73.11273pt too wide) in paragraph at lines 872--873
[][][][][][][][][][][][][][][][][][][][][][][][][][] 
 []


Overfull \hbox (10.11287pt too wide) in paragraph at lines 875--876
[][][][][][][][][][][][][][][][][][][][][][][][][][][] 
 []


Overfull \hbox (117.21265pt too wide) in paragraph at lines 877--878
[][][][][][][][][][][][][][][][][][][][][][][][][][][][] 
 []


Overfull \hbox (98.31268pt too wide) in paragraph at lines 878--879
[][][][][][][][][][][][][][][][][][][][][][][][][][][][][][][] 
 []


Overfull \hbox (35.3128pt too wide) in paragraph at lines 879--880
[][][][][][][][][][][][][][][][][][][][][][][][][][][] 
 []


Overfull \hbox (92.01271pt too wide) in paragraph at lines 880--881
[][][][][][][][][][][][][][][][][][][][][][][][][][][][][][] 
 []


Overfull \hbox (117.21265pt too wide) in paragraph at lines 881--883
[][][][][][][][][][][][][][][][][][][][][][][][][] 
 []


Overfull \hbox (79.41272pt too wide) in paragraph at lines 886--888
[][][][][][][][][][][][][][][][][][][][][][][][][][][][] 
 []


Overfull \hbox (117.21266pt too wide) in paragraph at lines 888--889
[][][][][][][][][][][][][][][][][][][][][][][][][][][][][][][] 
 []


Overfull \hbox (117.21266pt too wide) in paragraph at lines 889--890
[][][][][][][][][][][][][][][][][][][][][][][][][][][][][][][] 
 []


Overfull \hbox (123.51263pt too wide) in paragraph at lines 892--893
[][][][][][][][][][][][][][][][][][][][][][][][][] 
 []


Overfull \hbox (85.71272pt too wide) in paragraph at lines 894--895
[][][][][][][][][][][][][][][][][][][][][][][][][][][][][] 
 []

[16]
Overfull \hbox (104.61267pt too wide) in paragraph at lines 895--896
[][][][][][][][][][][][][][][][][][][][][][][][][][][] 
 []


Overfull \hbox (224.31244pt too wide) in paragraph at lines 896--897
[][][][][][][][][][][][][][][][][][][][][][][][][][][][][][][][][] 
 []


Overfull \hbox (205.41248pt too wide) in paragraph at lines 942--943
[][][][][][][][][][][][][][][][][][][][][][][][][][][][][] 
 []


Overfull \hbox (205.41248pt too wide) in paragraph at lines 943--944
[][][][][][][][][][][][][][][][][][][][][][][][][][][][][] 
 []


Overfull \hbox (230.61243pt too wide) in paragraph at lines 944--945
[][][][][][][][][][][][][][][][][][][][][][][][][][][][][][][][][][][] 
 []


Overfull \hbox (35.3128pt too wide) in paragraph at lines 945--946
[][][][][][][][][][][][][][][][][][][][][][][][] 
 []


Overfull \hbox (73.11273pt too wide) in paragraph at lines 948--949
[][][][][][][][][][][][][][][][][][][][][][][][] 
 []

[17]
Overfull \hbox (54.21278pt too wide) in paragraph at lines 951--952
[][][][][][][][][][][][][][][][][][][][][][][][][][] 
 []

[18]
Overfull \hbox (243.2124pt too wide) in paragraph at lines 1028--1030
[][][][][][][][][][][][][][][][][][][][][][][][][][][][][][][][][][][][][][] 
 []

[19]
Overfull \hbox (167.61255pt too wide) in paragraph at lines 1058--1061
[][][][][][][][][][][][][][][][][][][][][][][][][][][][][][][][] 
 []


Overfull \hbox (41.61282pt too wide) in paragraph at lines 1099--1100
[][][][][][][][][][][][][][][][][][][][][][][][][][] 
 []


Overfull \hbox (29.01285pt too wide) in paragraph at lines 1100--1101
[][][][][][][][][][][][][][][][][][][][][][][][][][] 
 []


Overfull \hbox (73.11276pt too wide) in paragraph at lines 1102--1103
[][][][][][][][][][][][][][][][][][][][][][][][][][][][][][] 
 []


Overfull \hbox (16.41287pt too wide) in paragraph at lines 1108--1109
[][][][][][][][][][][][][][][][][][][][][][][][][][][] 
 []


Overfull \hbox (16.41287pt too wide) in paragraph at lines 1109--1110
[][][][][][][][][][][][][][][][][][][][][][][][][][][][][] 
 []


Overfull \hbox (16.41287pt too wide) in paragraph at lines 1110--1111
[][][][][][][][][][][][][][][][][][][][][][][][][][][][][] 
 []

[20]
Overfull \hbox (16.41287pt too wide) in paragraph at lines 1111--1112
[][][][][][][][][][][][][][][][][][][][][][][][][][][][][] 
 []


Overfull \hbox (29.01288pt too wide) in paragraph at lines 1130--1131
[][][][][][][][][][][][][][][][][][][][][][][][] 
 []

[21]
Overfull \hbox (3.81293pt too wide) in paragraph at lines 1166--1167
[][][][][][][][][][][][][][][][][][][][][][][] 
 []


Overfull \hbox (22.71288pt too wide) in paragraph at lines 1176--1177
[][][][][][][][][][][][][][][][][][][][][][][][][][][][][][][][] 
 []

[22] [23]
LaTeX Font Info:    Try loading font information for OMS+cmr on input line 1284
.
 (/usr/share/texlive/texmf-dist/tex/latex/base/omscmr.fd
File: omscmr.fd 2014/09/29 v2.5h Standard LaTeX font definitions
)
LaTeX Font Info:    Font shape `OMS/cmr/m/n' in size <10> not available
(Font)              Font shape `OMS/cmsy/m/n' tried instead on input line 1284.



! LaTeX Error: There's no line here to end.

See the LaTeX manual or LaTeX Companion for explanation.
Type  H <return>  for immediate help.
 ...                                              
                                                  
l.1288 R
        etorno: n칰mero de bytes que se escribi칩 en el buffer de entrada o ...

Your command was ignored.
Type  I <command> <return>  to replace it with another command,
or  <return>  to continue without it.


! LaTeX Error: There's no line here to end.

See the LaTeX manual or LaTeX Companion for explanation.
Type  H <return>  for immediate help.
 ...                                              
                                                  
l.1300 R
        etorno:  posici칩n del buffer de salida
Your command was ignored.
Type  I <command> <return>  to replace it with another command,
or  <return>  to continue without it.


! LaTeX Error: There's no line here to end.

See the LaTeX manual or LaTeX Companion for explanation.
Type  H <return>  for immediate help.
 ...                                              
                                                  
l.1310 R
        etorno: 1 si se form칩 la palabra o 0 si no se form칩 la palabra
Your command was ignored.
Type  I <command> <return>  to replace it with another command,
or  <return>  to continue without it.


! LaTeX Error: There's no line here to end.

See the LaTeX manual or LaTeX Companion for explanation.
Type  H <return>  for immediate help.
 ...                                              
                                                  
l.1319 R
        etorno: 1 si es v치lido o 0 si no lo es
Your command was ignored.
Type  I <command> <return>  to replace it with another command,
or  <return>  to continue without it.


! LaTeX Error: There's no line here to end.

See the LaTeX manual or LaTeX Companion for explanation.
Type  H <return>  for immediate help.
 ...                                              
                                                  
l.1330 R
        etorno: la direcci칩n de la nueva cadena
Your command was ignored.
Type  I <command> <return>  to replace it with another command,
or  <return>  to continue without it.


! LaTeX Error: There's no line here to end.

See the LaTeX manual or LaTeX Companion for explanation.
Type  H <return>  for immediate help.
 ...                                              
                                                  
l.1339 R
        etorno: 1 si es pal칤ndroma o 0 si no lo es
Your command was ignored.
Type  I <command> <return>  to replace it with another command,
or  <return>  to continue without it.

[24]

! LaTeX Error: There's no line here to end.

See the LaTeX manual or LaTeX Companion for explanation.
Type  H <return>  for immediate help.
 ...                                              
                                                  
l.1348 R
        etorno: cadena con todas las letras en min칰scula
Your command was ignored.
Type  I <command> <return>  to replace it with another command,
or  <return>  to continue without it.


! LaTeX Error: There's no line here to end.

See the LaTeX manual or LaTeX Companion for explanation.
Type  H <return>  for immediate help.
 ...                                              
                                                  
l.1357 R
        etorno: direcci칩n de la palabra invertida
Your command was ignored.
Type  I <command> <return>  to replace it with another command,
or  <return>  to continue without it.


! LaTeX Error: There's no line here to end.

See the LaTeX manual or LaTeX Companion for explanation.
Type  H <return>  for immediate help.
 ...                                              
                                                  
l.1367 R
        etorno: 1 si son iguales o 0 si no lo son
Your command was ignored.
Type  I <command> <return>  to replace it with another command,
or  <return>  to continue without it.

[25] <imagenes_casosDePrueba_tp1/prueba0.png, id=105, 644.4075pt x 407.5225pt>
File: imagenes_casosDePrueba_tp1/prueba0.png Graphic file (type png)

<use imagenes_casosDePrueba_tp1/prueba0.png>
Package pdftex.def Info: imagenes_casosDePrueba_tp1/prueba0.png used on input l
ine 1378.
(pdftex.def)             Requested size: 212.29312pt x 134.25276pt.

<imagenes_casosDePrueba_tp1/prueba_1archivoDeEntrada.png, id=107, 644.4075pt x 
407.5225pt>
File: imagenes_casosDePrueba_tp1/prueba_1archivoDeEntrada.png Graphic file (typ
e png)
 <use imagenes_casosDePrueba_tp1/prueba_1archivoDeEntrada.png>
Package pdftex.def Info: imagenes_casosDePrueba_tp1/prueba_1archivoDeEntrada.pn
g used on input line 1385.
(pdftex.def)             Requested size: 212.29312pt x 134.25276pt.

<imagenes_casosDePrueba_tp1/prueba2_entrada_4.png, id=108, 644.4075pt x 407.522
5pt>
File: imagenes_casosDePrueba_tp1/prueba2_entrada_4.png Graphic file (type png)
 <use imagenes_casosDePrueba_tp1/prueba2_entrada_4.png>
Package pdftex.def Info: imagenes_casosDePrueba_tp1/prueba2_entrada_4.png used 
on input line 1392.
(pdftex.def)             Requested size: 212.29312pt x 134.25276pt.

<imagenes_casosDePrueba_tp1/prueba3_archivoEntrada_4_salida_default.png, id=109
, 644.4075pt x 407.5225pt>
File: imagenes_casosDePrueba_tp1/prueba3_archivoEntrada_4_salida_default.png Gr
aphic file (type png)

<use imagenes_casosDePrueba_tp1/prueba3_archivoEntrada_4_salida_default.png>
Package pdftex.def Info: imagenes_casosDePrueba_tp1/prueba3_archivoEntrada_4_sa
lida_default.png used on input line 1399.
(pdftex.def)             Requested size: 212.29312pt x 134.25276pt.

<imagenes_casosDePrueba_tp1/prueba1_archivoEntrada_4_salida_4.png, id=110, 644.
4075pt x 407.5225pt>
File: imagenes_casosDePrueba_tp1/prueba1_archivoEntrada_4_salida_4.png Graphic 
file (type png)

<use imagenes_casosDePrueba_tp1/prueba1_archivoEntrada_4_salida_4.png>
Package pdftex.def Info: imagenes_casosDePrueba_tp1/prueba1_archivoEntrada_4_sa
lida_4.png used on input line 1406.
(pdftex.def)             Requested size: 212.29312pt x 134.25276pt.

<imagenes_casosDePrueba_tp1/pruebaStdin_salida_4.png, id=111, 644.4075pt x 407.
5225pt>
File: imagenes_casosDePrueba_tp1/pruebaStdin_salida_4.png Graphic file (type pn
g)
 <use imagenes_casosDePrueba_tp1/pruebaStdin_salida_4.png>
Package pdftex.def Info: imagenes_casosDePrueba_tp1/pruebaStdin_salida_4.png us
ed on input line 1413.
(pdftex.def)             Requested size: 212.29312pt x 134.25276pt.
 [26 <./imagenes_casosDePrueba_tp1/prueba0.png> <./imagenes_casosDePrueba_tp1/p
rueba_1archivoDeEntrada.png> <./imagenes_casosDePrueba_tp1/prueba2_entrada_4.pn
g>] [27 <./imagenes_casosDePrueba_tp1/prueba3_archivoEntrada_4_salida_default.p
ng> <./imagenes_casosDePrueba_tp1/prueba1_archivoEntrada_4_salida_4.png> <./ima
genes_casosDePrueba_tp1/pruebaStdin_salida_4.png>]
! Misplaced alignment tab character &.
l.1433 Reconocer que 345 soladados&
                                   civiles murieron por una fruta como el an...
I can't figure out why you would want to use a tab mark
here. If you just want an ampersand, the remedy is
simple: Just type `I\&' now. But if some right brace
up above has ended a previous alignment prematurely,
you're probably due for more error messages, and you
might try typing `S' now just to see what is salvageable.

! Missing $ inserted.
<inserted text> 
                $
l.1443 ...//www.gnu.org/software/libc/manual/html_
                                                  node/Example-of-Getopt.html.
I've inserted a begin-math/end-math symbol since I think
you left one out. Proceed, with fingers crossed.

! Missing $ inserted.
<inserted text> 
                $
l.1444 
       
I've inserted a begin-math/end-math symbol since I think
you left one out. Proceed, with fingers crossed.

! Missing } inserted.
<inserted text> 
                }
l.1444 
       
I've inserted something that you may have forgotten.
(See the <inserted text> above.)
With luck, this will get me unwedged. But if you
really didn't forget anything, try typing `2' now; then
my insertion and my current dilemma will both disappear.


Underfull \hbox (badness 3291) in paragraph at lines 1443--1444
[]\OT1/cmr/m/n/10 GetOpt li-brary, https://www.gnu.org/software/libc/manual/htm
l$[]\OML/cmm/m/it/10 ode=Example \OMS/cmsy/m/n/10 ^^@ \OML/cmm/m/it/10 of \OMS/
cmsy/m/n/10 ^^@
 []

! Extra }, or forgotten \endgroup.
\par ...m \@noitemerr {\@@par }\fi \else {\@@par }
                                                  \fi 
l.1444 
       
I've deleted a group-closing symbol because it seems to be
spurious, as in `$x}$'. But perhaps the } is legitimate and
you forgot something else, as in `\hbox{$x}'. In such cases
the way to recover is to insert both the forgotten and the
deleted material, e.g., by typing `I$}'.

[28] (./informe-tp1.aux)

LaTeX Warning: There were multiply-defined labels.

 )
(\end occurred inside a group at level 1)

### simple group (level 1) entered at line 1433 ({)
### bottom level 
Here is how much of TeX's memory you used:
 4927 strings out of 494911
 63305 string characters out of 6179861
 170351 words of memory out of 5000000
 8180 multiletter control sequences out of 15000+600000
 6539 words of font info for 24 fonts, out of 8000000 for 9000
 36 hyphenation exceptions out of 8191
 34i,8n,51p,516b,1645s stack positions out of 5000i,500n,10000p,200000b,80000s
</usr/share/texlive/texmf-dist/fonts/type1/public/amsfonts/cm/c
mbx10.pfb></usr/share/texlive/texmf-dist/fonts/type1/public/amsfonts/cm/cmbx12.
pfb></usr/share/texlive/texmf-dist/fonts/type1/public/amsfonts/cm/cmmi10.pfb></
usr/share/texlive/texmf-dist/fonts/type1/public/amsfonts/cm/cmmi7.pfb></usr/sha
re/texlive/texmf-dist/fonts/type1/public/amsfonts/cm/cmr10.pfb></usr/share/texl
ive/texmf-dist/fonts/type1/public/amsfonts/cm/cmr7.pfb></usr/share/texlive/texm
f-dist/fonts/type1/public/amsfonts/cm/cmss10.pfb></usr/share/texlive/texmf-dist
/fonts/type1/public/amsfonts/cm/cmssbx10.pfb></usr/share/texlive/texmf-dist/fon
ts/type1/public/amsfonts/cm/cmsy10.pfb></usr/share/texlive/texmf-dist/fonts/typ
e1/public/amsfonts/cm/cmtt10.pfb>
Output written on informe-tp1.pdf (30 pages, 542132 bytes).
PDF statistics:
 163 PDF objects out of 1000 (max. 8388607)
 103 compressed objects within 2 object streams
 0 named destinations out of 1000 (max. 500000)
 41 words of extra memory for PDF output out of 10000 (max. 10000000)

